<?xml version="1.0" encoding="UTF-8"?>
<!-- Generated by org.testng.reporters.JUnitReportReporter -->
<testsuite hostname="Owner-PC" name="TestNG.TestNG_CartPage" tests="1" failures="0" timestamp="14 Jul 2019 12:36:34 GMT" time="13.006" errors="0">
  <testcase name="testPageTitle" time="13.006" classname="TestNG.TestNG_CartPage"/>
</testsuite> <!-- TestNG.TestNG_CartPage -->
