<?xml version="1.0" encoding="UTF-8"?>
<!-- Generated by org.testng.reporters.JUnitReportReporter -->
<testsuite hostname="Owner-PC" name="TestNG.TestNG_MyAccountPageTest" tests="2" failures="0" timestamp="13 Jul 2019 13:08:29 GMT" time="20.480" errors="0">
  <testcase name="pageTitle" time="9.118" classname="TestNG.TestNG_MyAccountPageTest"/>
  <testcase name="userloginSuccessful" time="11.362" classname="TestNG.TestNG_MyAccountPageTest"/>
</testsuite> <!-- TestNG.TestNG_MyAccountPageTest -->
