<?xml version="1.0" encoding="UTF-8"?>
<!-- Generated by org.testng.reporters.JUnitReportReporter -->
<testsuite hostname="Owner-PC" name="TestNG.TestNGAllAnnotations" tests="3" failures="0" timestamp="13 Jul 2019 12:43:44 GMT" time="0.045" errors="0">
  <testcase name="sneha" time="0.042" classname="TestNG.TestNGAllAnnotations"/>
  <testcase name="testCase2" time="0.002" classname="TestNG.TestNGAllAnnotations"/>
  <testcase name="testCase1" time="0.001" classname="TestNG.TestNGAllAnnotations"/>
</testsuite> <!-- TestNG.TestNGAllAnnotations -->
