<?xml version="1.0" encoding="UTF-8"?>
<!-- Generated by org.testng.reporters.JUnitReportReporter -->
<testsuite hostname="Owner-PC" name="TestNG.TestNGBasics" tests="3" failures="0" timestamp="29 Jun 2019 15:44:03 GMT" time="0.031" errors="0">
  <testcase name="TestCase3" time="0.000" classname="TestNG.TestNGBasics"/>
  <testcase name="TestCase2" time="0.008" classname="TestNG.TestNGBasics"/>
  <testcase name="TestCase1" time="0.023" classname="TestNG.TestNGBasics"/>
</testsuite> <!-- TestNG.TestNGBasics -->
